<?xml version="1.0" encoding="UTF-8"?>
<testsuite name="TestSuite" time="66.205" tests="2" errors="0" skipped="0" failures="0">
  <properties>
    <property name="java.vendor" value="Oracle Corporation"/>
    <property name="JOB_NAME" value="Baidu"/>
    <property name="sun.java.launcher" value="SUN_STANDARD"/>
    <property name="NUMBER_OF_PROCESSORS" value="4"/>
    <property name="sun.management.compiler" value="HotSpot 64-Bit Tiered Compilers"/>
    <property name="JENKINS_HOME" value="C:\Users\yxp\.jenkins"/>
    <property name="HUDSON_SERVER_COOKIE" value="7a69f76cbc5dd43e"/>
    <property name="POM_ARTIFACTID" value="AutoTest"/>
    <property name="os.name" value="Windows 10"/>
    <property name="sun.boot.class.path" value="D:\Program Files\Java\jdk1.8.0_171\jre\lib\resources.jar;D:\Program Files\Java\jdk1.8.0_171\jre\lib\rt.jar;D:\Program Files\Java\jdk1.8.0_171\jre\lib\sunrsasign.jar;D:\Program Files\Java\jdk1.8.0_171\jre\lib\jsse.jar;D:\Program Files\Java\jdk1.8.0_171\jre\lib\jce.jar;D:\Program Files\Java\jdk1.8.0_171\jre\lib\charsets.jar;D:\Program Files\Java\jdk1.8.0_171\jre\lib\jfr.jar;D:\Program Files\Java\jdk1.8.0_171\jre\classes"/>
    <property name="EXECUTOR_NUMBER" value="0"/>
    <property name="sun.desktop" value="windows"/>
    <property name="PATHEXT" value=".COM;.EXE;.BAT;.CMD;.VBS;.VBE;.JS;.JSE;.WSF;.WSH;.MSC"/>
    <property name="java.vm.specification.vendor" value="Oracle Corporation"/>
    <property name="POM_DISPLAYNAME" value="AutoTest"/>
    <property name="NODE_LABELS" value="master"/>
    <property name="TEMP" value="C:\Users\yxp\AppData\Local\Temp"/>
    <property name="java.runtime.version" value="1.8.0_171-b11"/>
    <property name="user.name" value="yxp"/>
    <property name="guice.disable.misplaced.annotation.check" value="true"/>
    <property name="CommonProgramW6432" value="C:\Program Files\Common Files"/>
    <property name="ProgramFiles" value="C:\Program Files"/>
    <property name="PROMPT" value="$P$G"/>
    <property name="user.language" value="zh"/>
    <property name="JOB_BASE_NAME" value="Baidu"/>
    <property name="RUN_CHANGES_DISPLAY_URL" value="http://localhost:1080/job/Baidu/8/display/redirect?page=changes"/>
    <property name="BUILD_DISPLAY_NAME" value="#8"/>
    <property name="OneDrive" value="C:\Users\yxp\OneDrive"/>
    <property name="TMPDIR" value="C:\Users\Public\Documents\Wondershare\CreatorTemp"/>
    <property name="sun.boot.library.path" value="D:\Program Files\Java\jdk1.8.0_171\jre\bin"/>
    <property name="LOCALAPPDATA" value="C:\Users\yxp\AppData\Local"/>
    <property name="java.version" value="1.8.0_171"/>
    <property name="PROCESSOR_LEVEL" value="6"/>
    <property name="user.timezone" value="Asia/Shanghai"/>
    <property name="USERNAME" value="yxp"/>
    <property name="sun.arch.data.model" value="64"/>
    <property name="NODE_NAME" value="master"/>
    <property name="java.endorsed.dirs" value="D:\Program Files\Java\jdk1.8.0_171\jre\lib\endorsed"/>
    <property name="BUILD_ID" value="8"/>
    <property name="sun.cpu.isalist" value="amd64"/>
    <property name="sun.jnu.encoding" value="GBK"/>
    <property name="file.encoding.pkg" value="sun.io"/>
    <property name="file.separator" value="\"/>
    <property name="java.specification.name" value="Java Platform API Specification"/>
    <property name="HOMEDRIVE" value="C:"/>
    <property name="maven.conf" value="E:\maven\apache-maven-3.6.0-bin\apache-maven-3.6.0\conf"/>
    <property name="java.class.version" value="52.0"/>
    <property name="=::" value="::\"/>
    <property name="org.slf4j.simpleLogger.defaultLogLevel" value="info"/>
    <property name="user.country" value="CN"/>
    <property name="ALLUSERSPROFILE" value="C:\ProgramData"/>
    <property name="java.home" value="D:\Program Files\Java\jdk1.8.0_171\jre"/>
    <property name="java.vm.info" value="mixed mode"/>
    <property name="os.version" value="10.0"/>
    <property name="=ExitCode" value="00000001"/>
    <property name="RUN_DISPLAY_URL" value="http://localhost:1080/job/Baidu/8/display/redirect"/>
    <property name="POM_VERSION" value="0.0.1-SNAPSHOT"/>
    <property name="VISUALSVN_SERVER" value="D:\Program Files\VisualSVN Server\"/>
    <property name="TMP" value="C:\Users\yxp\AppData\Local\Temp"/>
    <property name="path.separator" value=";"/>
    <property name="java.vm.version" value="25.171-b11"/>
    <property name="user.variant" value=""/>
    <property name="JOB_DISPLAY_URL" value="http://localhost:1080/job/Baidu/display/redirect"/>
    <property name="CommonProgramFiles(x86)" value="C:\Program Files (x86)\Common Files"/>
    <property name="USERDOMAIN_ROAMINGPROFILE" value="UXINMIC-5I88O0I"/>
    <property name="java.awt.printerjob" value="sun.awt.windows.WPrinterJob"/>
    <property name="JAVA_HOME" value="D:\Program Files\Java\jdk1.8.0_171"/>
    <property name="sun.io.unicode.encoding" value="UnicodeLittle"/>
    <property name="CommonProgramFiles" value="C:\Program Files\Common Files"/>
    <property name="ComSpec" value="C:\WINDOWS\system32\cmd.exe"/>
    <property name="awt.toolkit" value="sun.awt.windows.WToolkit"/>
    <property name="HOMEPATH" value="\Users\yxp"/>
    <property name="POM_PACKAGING" value="jar"/>
    <property name="user.script" value=""/>
    <property name="COMPUTERNAME" value="UXINMIC-5I88O0I"/>
    <property name="POM_GROUPID" value="AutoTest"/>
    <property name="VBOX_MSI_INSTALL_PATH" value="C:\Program Files\Oracle\VirtualBox\"/>
    <property name="user.home" value="C:\Users\yxp"/>
    <property name="PUBLIC" value="C:\Users\Public"/>
    <property name="BUILD_TAG" value="jenkins-Baidu-8"/>
    <property name="JENKINS_SERVER_COOKIE" value="7a69f76cbc5dd43e"/>
    <property name="HUDSON_URL" value="http://localhost:1080/"/>
    <property name="ProgramData" value="C:\ProgramData"/>
    <property name="java.specification.vendor" value="Oracle Corporation"/>
    <property name="USERPROFILE" value="C:\Users\yxp"/>
    <property name="CLASSPATH" value=""/>
    <property name="java.vendor.url" value="http://java.oracle.com/"/>
    <property name="java.library.path" value="D:\Program Files\Java\jdk1.8.0_171\bin;C:\WINDOWS\Sun\Java\bin;C:\WINDOWS\system32;C:\WINDOWS;E:\maven\apache-maven-3.6.0-bin\apache-maven-3.6.0/bin;D:\Program Files\Java\jdk1.8.0_171/bin;D:\Program Files\Java\jdk1.8.0_171/bin;D:\Program Files (x86)\NetSarang\Xshell 6\;C:\Program Files (x86)\Common Files\Oracle\Java\javapath;C:\WINDOWS\system32;C:\WINDOWS;C:\WINDOWS\System32\Wbem;C:\WINDOWS\System32\WindowsPowerShell\v1.0\;C:\WINDOWS\System32\OpenSSH\;E:\小程序\python\Eclipse_v4.5.2\eclipsev4.5.2;E:\python;E:\tomcat\bin;E:\apache-jmeter-3.1;E:\apache-jmeter-3.1\lib\ext\ApacheJMeter_core.jar;E:\apache-jmeter-3.1\lib\jorphan.jar;E:\apache-jmeter-3.1\lib\logkit-1.2.jar;E:\apache-jmeter-3.1\bin;E:\maven\apache-maven-3.6.0-bin\apache-maven-3.6.0\bin;D:\android-sdk\platform-tools;D:\android-sdk\tools;D:\Program Files (x86)\Appium\node_modules\.bin;E:\python\Scripts;C:\Program Files\MySQL\MySQL Server 5.6\bin;D:\Program Files\nodejs\;D:\Program Files\Git\cmd;D:\Program Files\Git\bin;D:\Program Files\Git;D:\Program Files\MySQL\MySQL Server 5.6\bin;D:\Program Files\VisualSVN Server\bin;D:\Program Files\TortoiseSVN\bin;D:\Jenkins;D:\Program Files\Java\jdk1.8.0_171\lib\dt.jar;D:\Program Files\Java\jdk1.8.0_171\lib\tools.jar;D:\Program Files\Java\jdk1.8.0_171\bin;D:\Jenkins\plugins;C:\Users\yxp\AppData\Roaming\npm;D:\Fiddler;%USERPROFILE%\AppData\Local\Microsoft\WindowsApps;;."/>
    <property name="java.vm.vendor" value="Oracle Corporation"/>
    <property name="APPDATA" value="C:\Users\yxp\AppData\Roaming"/>
    <property name="JMETER_HOME" value="E:\apache-jmeter-3.1"/>
    <property name="java.runtime.name" value="Java(TM) SE Runtime Environment"/>
    <property name="maven.home" value="E:\maven\apache-maven-3.6.0-bin\apache-maven-3.6.0"/>
    <property name="java.class.path" value="C:\Users\yxp\.jenkins\plugins\maven-plugin\WEB-INF\lib\maven35-agent-1.13.jar;E:\maven\apache-maven-3.6.0-bin\apache-maven-3.6.0\boot\plexus-classworlds-2.5.2.jar;E:\maven\apache-maven-3.6.0-bin\apache-maven-3.6.0/conf/logging"/>
    <property name="sun.java.command" value="jenkins.maven3.agent.Maven35Main E:\maven\apache-maven-3.6.0-bin\apache-maven-3.6.0 C:\Users\yxp\.jenkins\war\WEB-INF\lib\remoting-4.2.1.jar C:\Users\yxp\.jenkins\plugins\maven-plugin\WEB-INF\lib\maven35-interceptor-1.13.jar C:\Users\yxp\.jenkins\plugins\maven-plugin\WEB-INF\lib\maven3-interceptor-commons-1.13.jar 50568"/>
    <property name="Path" value="D:\Program Files\Java\jdk1.8.0_171/bin;D:\Program Files (x86)\NetSarang\Xshell 6\;C:\Program Files (x86)\Common Files\Oracle\Java\javapath;C:\WINDOWS\system32;C:\WINDOWS;C:\WINDOWS\System32\Wbem;C:\WINDOWS\System32\WindowsPowerShell\v1.0\;C:\WINDOWS\System32\OpenSSH\;E:\小程序\python\Eclipse_v4.5.2\eclipsev4.5.2;E:\python;E:\tomcat\bin;E:\apache-jmeter-3.1;E:\apache-jmeter-3.1\lib\ext\ApacheJMeter_core.jar;E:\apache-jmeter-3.1\lib\jorphan.jar;E:\apache-jmeter-3.1\lib\logkit-1.2.jar;E:\apache-jmeter-3.1\bin;E:\maven\apache-maven-3.6.0-bin\apache-maven-3.6.0\bin;D:\android-sdk\platform-tools;D:\android-sdk\tools;D:\Program Files (x86)\Appium\node_modules\.bin;E:\python\Scripts;C:\Program Files\MySQL\MySQL Server 5.6\bin;D:\Program Files\nodejs\;D:\Program Files\Git\cmd;D:\Program Files\Git\bin;D:\Program Files\Git;D:\Program Files\MySQL\MySQL Server 5.6\bin;D:\Program Files\VisualSVN Server\bin;D:\Program Files\TortoiseSVN\bin;D:\Jenkins;D:\Program Files\Java\jdk1.8.0_171\lib\dt.jar;D:\Program Files\Java\jdk1.8.0_171\lib\tools.jar;D:\Program Files\Java\jdk1.8.0_171\bin;D:\Jenkins\plugins;C:\Users\yxp\AppData\Roaming\npm;D:\Fiddler;%USERPROFILE%\AppData\Local\Microsoft\WindowsApps;"/>
    <property name="PYTHONIOENCODING" value="UTF8"/>
    <property name="java.vm.specification.name" value="Java Virtual Machine Specification"/>
    <property name="PROCESSOR_ARCHITECTURE" value="AMD64"/>
    <property name="PATH+JDK" value="D:\Program Files\Java\jdk1.8.0_171/bin"/>
    <property name="PROCESSOR_IDENTIFIER" value="Intel64 Family 6 Model 142 Stepping 9, GenuineIntel"/>
    <property name="SESSIONNAME" value="Console"/>
    <property name="java.vm.specification.version" value="1.8"/>
    <property name="sun.os.patch.level" value=""/>
    <property name="sun.cpu.endian" value="little"/>
    <property name="M2_HOME" value="E:\maven\apache-maven-3.6.0-bin\apache-maven-3.6.0"/>
    <property name="=D:" value="D:\Jenkins"/>
    <property name="java.io.tmpdir" value="C:\Users\yxp\AppData\Local\Temp\"/>
    <property name="OS" value="Windows_NT"/>
    <property name="HUDSON_HOME" value="C:\Users\yxp\.jenkins"/>
    <property name="PATH+MAVEN" value="E:\maven\apache-maven-3.6.0-bin\apache-maven-3.6.0/bin"/>
    <property name="ProgramFiles(x86)" value="C:\Program Files (x86)"/>
    <property name="BUILD_URL" value="http://localhost:1080/job/Baidu/8/"/>
    <property name="java.vendor.url.bug" value="http://bugreport.sun.com/bugreport/"/>
    <property name="java.awt.graphicsenv" value="sun.awt.Win32GraphicsEnvironment"/>
    <property name="os.arch" value="amd64"/>
    <property name="SystemRoot" value="C:\WINDOWS"/>
    <property name="java.ext.dirs" value="D:\Program Files\Java\jdk1.8.0_171\jre\lib\ext;C:\WINDOWS\Sun\Java\lib\ext"/>
    <property name="user.dir" value="E:\AutoTest\AutoTest"/>
    <property name="JOB_URL" value="http://localhost:1080/job/Baidu/"/>
    <property name="LOGONSERVER" value="\\UXINMIC-5I88O0I"/>
    <property name="USERDOMAIN" value="UXINMIC-5I88O0I"/>
    <property name="line.separator" value="&#10;"/>
    <property name="MAVEN_HOME" value="E:\maven\apache-maven-3.6.0-bin\apache-maven-3.6.0"/>
    <property name="java.vm.name" value="Java HotSpot(TM) 64-Bit Server VM"/>
    <property name="BUILD_NUMBER" value="8"/>
    <property name="ANDROID_HOME" value="D:\android-sdk"/>
    <property name="JENKINS_URL" value="http://localhost:1080/"/>
    <property name="PROCESSOR_REVISION" value="8e09"/>
    <property name="ProgramW6432" value="C:\Program Files"/>
    <property name="windir" value="C:\WINDOWS"/>
    <property name="=C:" value="C:\Users\yxp"/>
    <property name="file.encoding" value="GBK"/>
    <property name="LANG" value="en_US.UTF-8"/>
    <property name="SystemDrive" value="C:"/>
    <property name="maven3.interceptor" value="C:\Users\yxp\.jenkins\plugins\maven-plugin\WEB-INF\lib\maven35-interceptor-1.13.jar"/>
    <property name="WORKSPACE_TMP" value="C:\Users\yxp\.jenkins\workspace\Baidu@tmp"/>
    <property name="WORKSPACE" value="C:\Users\yxp\.jenkins\workspace\Baidu"/>
    <property name="maven3.interceptor.common" value="C:\Users\yxp\.jenkins\plugins\maven-plugin\WEB-INF\lib\maven3-interceptor-commons-1.13.jar"/>
    <property name="java.specification.version" value="1.8"/>
    <property name="PSModulePath" value="C:\Program Files\WindowsPowerShell\Modules;C:\WINDOWS\system32\WindowsPowerShell\v1.0\Modules;D:\Program Files\VisualSVN Server\PowerShellModules"/>
    <property name="DriverData" value="C:\Windows\System32\Drivers\DriverData"/>
  </properties>
  <testcase name="login" classname="com.test.baiduCase.LoginCase" time="21.436"/>
  <testcase name="serach" classname="com.test.baiduCase.SearchCase" time="44.769"/>
</testsuite>