<?xml version="1.0" encoding="UTF-8"?>
<!-- Generated by org.testng.reporters.JUnitReportReporter -->
<testsuite name="com.test.baiduCase.LoginCase" tests="1" time="21.437" ignored="0" failures="0" timestamp="10 Jun 2020 06:37:39 GMT" skipped="0" hostname="UXINMIC-5I88O0I" errors="0">
  <testcase name="login" time="21.437" classname="com.test.baiduCase.LoginCase"/>
</testsuite> <!-- com.test.baiduCase.LoginCase -->
