<?xml version="1.0" encoding="UTF-8"?>
<!-- Generated by org.testng.reporters.JUnitReportReporter -->
<testsuite name="com.test.baiduCase.SearchCase" tests="1" time="44.769" ignored="0" failures="0" timestamp="10 Jun 2020 06:37:39 GMT" skipped="0" hostname="UXINMIC-5I88O0I" errors="0">
  <testcase name="serach" time="44.769" classname="com.test.baiduCase.SearchCase"/>
</testsuite> <!-- com.test.baiduCase.SearchCase -->
